2014/06/05 10:48:06 [error] [exception.CException] exception 'CException' with message 'Alias "ext.yiiext.renderers.twig.ETwigViewRenderer" is invalid. Make sure it points to an existing PHP file and the file is readable.' in /var/www/jr/framework/YiiBase.php:316
Stack trace:
#0 /var/www/jr/framework/YiiBase.php(196): YiiBase::import('ext.yiiext.rend...', true)
#1 /var/www/jr/framework/base/CModule.php(386): YiiBase::createComponent(Array)
#2 /var/www/jr/framework/web/CWebApplication.php(221): CModule->getComponent('viewRenderer')
#3 /var/www/jr/framework/web/CController.php(695): CWebApplication->getViewRenderer()
#4 /var/www/jr/framework/web/CController.php(591): CController->resolveViewFile('index', '/var/www/jr/pro...', '/var/www/jr/pro...', '/var/www/jr/pro...')
#5 /var/www/jr/framework/web/CController.php(867): CController->getViewFile('index')
#6 /var/www/jr/framework/web/CController.php(782): CController->renderPartial('index', NULL, true)
#7 /var/www/jr/protected/controllers/SiteController.php(32): CController->render('index')
#8 /var/www/jr/framework/web/actions/CInlineAction.php(49): SiteController->actionIndex()
#9 /var/www/jr/framework/web/CController.php(308): CInlineAction->runWithParams(Array)
#10 /var/www/jr/framework/web/CController.php(286): CController->runAction(Object(CInlineAction))
#11 /var/www/jr/framework/web/CController.php(265): CController->runActionWithFilters(Object(CInlineAction), Array)
#12 /var/www/jr/framework/web/CWebApplication.php(282): CController->run('')
#13 /var/www/jr/framework/web/CWebApplication.php(141): CWebApplication->runController('')
#14 /var/www/jr/framework/base/CApplication.php(169): CWebApplication->processRequest()
#15 /var/www/jr/index.php(13): CApplication->run()
#16 {main}
REQUEST_URI=/jr/
---
2014/06/05 10:48:30 [error] [exception.CException] exception 'CException' with message 'Alias "ext.yiiext.renderers.twig.ETwigViewRenderer" is invalid. Make sure it points to an existing PHP file and the file is readable.' in /var/www/jr/framework/YiiBase.php:316
Stack trace:
#0 /var/www/jr/framework/YiiBase.php(196): YiiBase::import('ext.yiiext.rend...', true)
#1 /var/www/jr/framework/base/CModule.php(386): YiiBase::createComponent(Array)
#2 /var/www/jr/framework/web/CWebApplication.php(221): CModule->getComponent('viewRenderer')
#3 /var/www/jr/framework/web/CController.php(695): CWebApplication->getViewRenderer()
#4 /var/www/jr/framework/web/CController.php(591): CController->resolveViewFile('index', '/var/www/jr/pro...', '/var/www/jr/pro...', '/var/www/jr/pro...')
#5 /var/www/jr/framework/web/CController.php(867): CController->getViewFile('index')
#6 /var/www/jr/framework/web/CController.php(782): CController->renderPartial('index', NULL, true)
#7 /var/www/jr/protected/controllers/SiteController.php(32): CController->render('index')
#8 /var/www/jr/framework/web/actions/CInlineAction.php(49): SiteController->actionIndex()
#9 /var/www/jr/framework/web/CController.php(308): CInlineAction->runWithParams(Array)
#10 /var/www/jr/framework/web/CController.php(286): CController->runAction(Object(CInlineAction))
#11 /var/www/jr/framework/web/CController.php(265): CController->runActionWithFilters(Object(CInlineAction), Array)
#12 /var/www/jr/framework/web/CWebApplication.php(282): CController->run('')
#13 /var/www/jr/framework/web/CWebApplication.php(141): CWebApplication->runController('')
#14 /var/www/jr/framework/base/CApplication.php(169): CWebApplication->processRequest()
#15 /var/www/jr/index.php(13): CApplication->run()
#16 {main}
REQUEST_URI=/jr/
---
2014/06/05 10:50:27 [error] [exception.CException] exception 'CException' with message 'Alias "ext.yiiext.renderers.twig.ETwigViewRenderer" is invalid. Make sure it points to an existing PHP file and the file is readable.' in /var/www/jr/framework/YiiBase.php:316
Stack trace:
#0 /var/www/jr/framework/YiiBase.php(196): YiiBase::import('ext.yiiext.rend...', true)
#1 /var/www/jr/framework/base/CModule.php(386): YiiBase::createComponent(Array)
#2 /var/www/jr/framework/web/CWebApplication.php(221): CModule->getComponent('viewRenderer')
#3 /var/www/jr/framework/web/CController.php(695): CWebApplication->getViewRenderer()
#4 /var/www/jr/framework/web/CController.php(591): CController->resolveViewFile('index', '/var/www/jr/pro...', '/var/www/jr/pro...', '/var/www/jr/pro...')
#5 /var/www/jr/framework/web/CController.php(867): CController->getViewFile('index')
#6 /var/www/jr/framework/web/CController.php(782): CController->renderPartial('index', NULL, true)
#7 /var/www/jr/protected/controllers/SiteController.php(32): CController->render('index')
#8 /var/www/jr/framework/web/actions/CInlineAction.php(49): SiteController->actionIndex()
#9 /var/www/jr/framework/web/CController.php(308): CInlineAction->runWithParams(Array)
#10 /var/www/jr/framework/web/CController.php(286): CController->runAction(Object(CInlineAction))
#11 /var/www/jr/framework/web/CController.php(265): CController->runActionWithFilters(Object(CInlineAction), Array)
#12 /var/www/jr/framework/web/CWebApplication.php(282): CController->run('')
#13 /var/www/jr/framework/web/CWebApplication.php(141): CWebApplication->runController('')
#14 /var/www/jr/framework/base/CApplication.php(169): CWebApplication->processRequest()
#15 /var/www/jr/index.php(13): CApplication->run()
#16 {main}
REQUEST_URI=/jr/
---
2014/06/05 10:53:37 [error] [exception.CException] exception 'CException' with message 'Alias "ext.yiiext.renderers.twig.ETwigViewRenderer" is invalid. Make sure it points to an existing PHP file and the file is readable.' in /var/www/jr/framework/YiiBase.php:316
Stack trace:
#0 /var/www/jr/framework/YiiBase.php(196): YiiBase::import('ext.yiiext.rend...', true)
#1 /var/www/jr/framework/base/CModule.php(386): YiiBase::createComponent(Array)
#2 /var/www/jr/framework/web/CWebApplication.php(221): CModule->getComponent('viewRenderer')
#3 /var/www/jr/framework/web/CController.php(695): CWebApplication->getViewRenderer()
#4 /var/www/jr/framework/web/CController.php(591): CController->resolveViewFile('index', '/var/www/jr/pro...', '/var/www/jr/pro...', '/var/www/jr/pro...')
#5 /var/www/jr/framework/web/CController.php(867): CController->getViewFile('index')
#6 /var/www/jr/framework/web/CController.php(782): CController->renderPartial('index', NULL, true)
#7 /var/www/jr/protected/controllers/SiteController.php(32): CController->render('index')
#8 /var/www/jr/framework/web/actions/CInlineAction.php(49): SiteController->actionIndex()
#9 /var/www/jr/framework/web/CController.php(308): CInlineAction->runWithParams(Array)
#10 /var/www/jr/framework/web/CController.php(286): CController->runAction(Object(CInlineAction))
#11 /var/www/jr/framework/web/CController.php(265): CController->runActionWithFilters(Object(CInlineAction), Array)
#12 /var/www/jr/framework/web/CWebApplication.php(282): CController->run('')
#13 /var/www/jr/framework/web/CWebApplication.php(141): CWebApplication->runController('')
#14 /var/www/jr/framework/base/CApplication.php(169): CWebApplication->processRequest()
#15 /var/www/jr/index.php(13): CApplication->run()
#16 {main}
REQUEST_URI=/jr/
---
2014/06/05 10:54:16 [error] [php] date(): It is not safe to rely on the system's timezone settings. You are *required* to use the date.timezone setting or the date_default_timezone_set() function. In case you used any of those methods and you are still getting this warning, you most likely misspelled the timezone identifier. We selected the timezone 'UTC' for now, but please set date.timezone to select your timezone. (/var/www/jr/protected/views/layouts/main.php:51)
Stack trace:
#0 /var/www/jr/framework/web/CBaseController.php(95): SiteController->renderInternal()
#1 /var/www/jr/framework/web/widgets/CContentDecorator.php(76): SiteController->renderFile()
#2 /var/www/jr/framework/web/widgets/CContentDecorator.php(54): CContentDecorator->decorate()
#3 /var/www/jr/framework/web/widgets/COutputProcessor.php(44): CContentDecorator->processOutput()
#4 /var/www/jr/framework/web/CBaseController.php(206): CContentDecorator->run()
#5 /var/www/jr/framework/web/CBaseController.php(300): SiteController->endWidget()
#6 /var/www/jr/protected/views/layouts/column1.php(6): SiteController->endContent()
#7 /var/www/jr/framework/web/CBaseController.php(126): require()
#8 /var/www/jr/framework/web/CBaseController.php(95): SiteController->renderInternal()
#9 /var/www/jr/framework/web/CController.php(784): SiteController->renderFile()
#10 /var/www/jr/protected/controllers/SiteController.php(32): SiteController->render()
#11 /var/www/jr/framework/web/actions/CInlineAction.php(49): SiteController->actionIndex()
#12 /var/www/jr/framework/web/CController.php(308): CInlineAction->runWithParams()
#13 /var/www/jr/framework/web/CController.php(286): SiteController->runAction()
#14 /var/www/jr/framework/web/CController.php(265): SiteController->runActionWithFilters()
#15 /var/www/jr/framework/web/CWebApplication.php(282): SiteController->run()
#16 /var/www/jr/framework/web/CWebApplication.php(141): CWebApplication->runController()
#17 /var/www/jr/framework/base/CApplication.php(169): CWebApplication->processRequest()
#18 /var/www/jr/index.php(13): CWebApplication->run()
REQUEST_URI=/jr/
in /var/www/jr/protected/views/layouts/main.php (51)
in /var/www/jr/protected/views/layouts/column1.php (6)
in /var/www/jr/protected/controllers/SiteController.php (32)
2014/06/05 11:05:44 [error] [exception.CException] exception 'CException' with message 'Alias "ext.yiiext.renderers.twig.ETwigViewRenderer" is invalid. Make sure it points to an existing PHP file and the file is readable.' in /var/www/jr/framework/YiiBase.php:316
Stack trace:
#0 /var/www/jr/framework/YiiBase.php(196): YiiBase::import('ext.yiiext.rend...', true)
#1 /var/www/jr/framework/base/CModule.php(386): YiiBase::createComponent(Array)
#2 /var/www/jr/framework/web/CWebApplication.php(221): CModule->getComponent('viewRenderer')
#3 /var/www/jr/framework/web/CController.php(695): CWebApplication->getViewRenderer()
#4 /var/www/jr/framework/web/CController.php(591): CController->resolveViewFile('index', '/var/www/jr/pro...', '/var/www/jr/pro...', '/var/www/jr/pro...')
#5 /var/www/jr/framework/web/CController.php(867): CController->getViewFile('index')
#6 /var/www/jr/framework/web/CController.php(782): CController->renderPartial('index', NULL, true)
#7 /var/www/jr/protected/controllers/SiteController.php(32): CController->render('index')
#8 /var/www/jr/framework/web/actions/CInlineAction.php(49): SiteController->actionIndex()
#9 /var/www/jr/framework/web/CController.php(308): CInlineAction->runWithParams(Array)
#10 /var/www/jr/framework/web/CController.php(286): CController->runAction(Object(CInlineAction))
#11 /var/www/jr/framework/web/CController.php(265): CController->runActionWithFilters(Object(CInlineAction), Array)
#12 /var/www/jr/framework/web/CWebApplication.php(282): CController->run('')
#13 /var/www/jr/framework/web/CWebApplication.php(141): CWebApplication->runController('')
#14 /var/www/jr/framework/base/CApplication.php(169): CWebApplication->processRequest()
#15 /var/www/jr/index.php(15): CApplication->run()
#16 {main}
REQUEST_URI=/jr/
---
2014/06/05 11:11:29 [error] [exception.CException] exception 'CException' with message 'Alias "ext.yiiext.renderers.twig.ETwigViewRenderer" is invalid. Make sure it points to an existing PHP file and the file is readable.' in /var/www/jr/framework/YiiBase.php:316
Stack trace:
#0 /var/www/jr/framework/YiiBase.php(196): YiiBase::import('ext.yiiext.rend...', true)
#1 /var/www/jr/framework/base/CModule.php(386): YiiBase::createComponent(Array)
#2 /var/www/jr/framework/web/CWebApplication.php(221): CModule->getComponent('viewRenderer')
#3 /var/www/jr/framework/web/CController.php(695): CWebApplication->getViewRenderer()
#4 /var/www/jr/framework/web/CController.php(591): CController->resolveViewFile('index', '/var/www/jr/pro...', '/var/www/jr/pro...', '/var/www/jr/pro...')
#5 /var/www/jr/framework/web/CController.php(867): CController->getViewFile('index')
#6 /var/www/jr/framework/web/CController.php(782): CController->renderPartial('index', NULL, true)
#7 /var/www/jr/protected/controllers/SiteController.php(32): CController->render('index')
#8 /var/www/jr/framework/web/actions/CInlineAction.php(49): SiteController->actionIndex()
#9 /var/www/jr/framework/web/CController.php(308): CInlineAction->runWithParams(Array)
#10 /var/www/jr/framework/web/CController.php(286): CController->runAction(Object(CInlineAction))
#11 /var/www/jr/framework/web/CController.php(265): CController->runActionWithFilters(Object(CInlineAction), Array)
#12 /var/www/jr/framework/web/CWebApplication.php(282): CController->run('')
#13 /var/www/jr/framework/web/CWebApplication.php(141): CWebApplication->runController('')
#14 /var/www/jr/framework/base/CApplication.php(169): CWebApplication->processRequest()
#15 /var/www/jr/index.php(15): CApplication->run()
#16 {main}
REQUEST_URI=/jr/
---
2014/06/05 11:11:32 [error] [exception.CException] exception 'CException' with message 'Alias "ext.yiiext.renderers.twig.ETwigViewRenderer" is invalid. Make sure it points to an existing PHP file and the file is readable.' in /var/www/jr/framework/YiiBase.php:316
Stack trace:
#0 /var/www/jr/framework/YiiBase.php(196): YiiBase::import('ext.yiiext.rend...', true)
#1 /var/www/jr/framework/base/CModule.php(386): YiiBase::createComponent(Array)
#2 /var/www/jr/framework/web/CWebApplication.php(221): CModule->getComponent('viewRenderer')
#3 /var/www/jr/framework/web/CController.php(695): CWebApplication->getViewRenderer()
#4 /var/www/jr/framework/web/CController.php(591): CController->resolveViewFile('index', '/var/www/jr/pro...', '/var/www/jr/pro...', '/var/www/jr/pro...')
#5 /var/www/jr/framework/web/CController.php(867): CController->getViewFile('index')
#6 /var/www/jr/framework/web/CController.php(782): CController->renderPartial('index', NULL, true)
#7 /var/www/jr/protected/controllers/SiteController.php(32): CController->render('index')
#8 /var/www/jr/framework/web/actions/CInlineAction.php(49): SiteController->actionIndex()
#9 /var/www/jr/framework/web/CController.php(308): CInlineAction->runWithParams(Array)
#10 /var/www/jr/framework/web/CController.php(286): CController->runAction(Object(CInlineAction))
#11 /var/www/jr/framework/web/CController.php(265): CController->runActionWithFilters(Object(CInlineAction), Array)
#12 /var/www/jr/framework/web/CWebApplication.php(282): CController->run('')
#13 /var/www/jr/framework/web/CWebApplication.php(141): CWebApplication->runController('')
#14 /var/www/jr/framework/base/CApplication.php(169): CWebApplication->processRequest()
#15 /var/www/jr/index.php(15): CApplication->run()
#16 {main}
REQUEST_URI=/jr/
---
2014/06/05 11:12:43 [error] [exception.CException] exception 'CException' with message 'Alias "ext.yiiext.renderers.twig.ETwigViewRenderer" is invalid. Make sure it points to an existing PHP file and the file is readable.' in /var/www/jr/framework/YiiBase.php:316
Stack trace:
#0 /var/www/jr/framework/YiiBase.php(196): YiiBase::import('ext.yiiext.rend...', true)
#1 /var/www/jr/framework/base/CModule.php(386): YiiBase::createComponent(Array)
#2 /var/www/jr/framework/web/CWebApplication.php(221): CModule->getComponent('viewRenderer')
#3 /var/www/jr/framework/web/CController.php(695): CWebApplication->getViewRenderer()
#4 /var/www/jr/framework/web/CController.php(591): CController->resolveViewFile('index', '/var/www/jr/pro...', '/var/www/jr/pro...', '/var/www/jr/pro...')
#5 /var/www/jr/framework/web/CController.php(867): CController->getViewFile('index')
#6 /var/www/jr/framework/web/CController.php(782): CController->renderPartial('index', NULL, true)
#7 /var/www/jr/protected/controllers/SiteController.php(32): CController->render('index')
#8 /var/www/jr/framework/web/actions/CInlineAction.php(49): SiteController->actionIndex()
#9 /var/www/jr/framework/web/CController.php(308): CInlineAction->runWithParams(Array)
#10 /var/www/jr/framework/web/CController.php(286): CController->runAction(Object(CInlineAction))
#11 /var/www/jr/framework/web/CController.php(265): CController->runActionWithFilters(Object(CInlineAction), Array)
#12 /var/www/jr/framework/web/CWebApplication.php(282): CController->run('')
#13 /var/www/jr/framework/web/CWebApplication.php(141): CWebApplication->runController('')
#14 /var/www/jr/framework/base/CApplication.php(169): CWebApplication->processRequest()
#15 /var/www/jr/index.php(15): CApplication->run()
#16 {main}
REQUEST_URI=/jr/
---
2014/06/05 11:12:45 [error] [exception.CException] exception 'CException' with message 'Alias "ext.yiiext.renderers.twig.ETwigViewRenderer" is invalid. Make sure it points to an existing PHP file and the file is readable.' in /var/www/jr/framework/YiiBase.php:316
Stack trace:
#0 /var/www/jr/framework/YiiBase.php(196): YiiBase::import('ext.yiiext.rend...', true)
#1 /var/www/jr/framework/base/CModule.php(386): YiiBase::createComponent(Array)
#2 /var/www/jr/framework/web/CWebApplication.php(221): CModule->getComponent('viewRenderer')
#3 /var/www/jr/framework/web/CController.php(695): CWebApplication->getViewRenderer()
#4 /var/www/jr/framework/web/CController.php(591): CController->resolveViewFile('index', '/var/www/jr/pro...', '/var/www/jr/pro...', '/var/www/jr/pro...')
#5 /var/www/jr/framework/web/CController.php(867): CController->getViewFile('index')
#6 /var/www/jr/framework/web/CController.php(782): CController->renderPartial('index', NULL, true)
#7 /var/www/jr/protected/controllers/SiteController.php(32): CController->render('index')
#8 /var/www/jr/framework/web/actions/CInlineAction.php(49): SiteController->actionIndex()
#9 /var/www/jr/framework/web/CController.php(308): CInlineAction->runWithParams(Array)
#10 /var/www/jr/framework/web/CController.php(286): CController->runAction(Object(CInlineAction))
#11 /var/www/jr/framework/web/CController.php(265): CController->runActionWithFilters(Object(CInlineAction), Array)
#12 /var/www/jr/framework/web/CWebApplication.php(282): CController->run('')
#13 /var/www/jr/framework/web/CWebApplication.php(141): CWebApplication->runController('')
#14 /var/www/jr/framework/base/CApplication.php(169): CWebApplication->processRequest()
#15 /var/www/jr/index.php(15): CApplication->run()
#16 {main}
REQUEST_URI=/jr/
---
2014/06/05 11:12:51 [error] [php] include(.php): failed to open stream: No such file or directory (/var/www/jr/framework/YiiBase.php:421)
Stack trace:
#0 /var/www/jr/framework/YiiBase.php(196): import()
#1 /var/www/jr/framework/base/CModule.php(386): createComponent()
#2 /var/www/jr/framework/web/CWebApplication.php(221): CWebApplication->getComponent()
#3 /var/www/jr/framework/web/CController.php(695): CWebApplication->getViewRenderer()
#4 /var/www/jr/framework/web/CController.php(591): SiteController->resolveViewFile()
#5 /var/www/jr/framework/web/CController.php(867): SiteController->getViewFile()
#6 /var/www/jr/framework/web/CController.php(782): SiteController->renderPartial()
#7 /var/www/jr/protected/controllers/SiteController.php(32): SiteController->render()
#8 /var/www/jr/framework/web/actions/CInlineAction.php(49): SiteController->actionIndex()
#9 /var/www/jr/framework/web/CController.php(308): CInlineAction->runWithParams()
#10 /var/www/jr/framework/web/CController.php(286): SiteController->runAction()
#11 /var/www/jr/framework/web/CController.php(265): SiteController->runActionWithFilters()
#12 /var/www/jr/framework/web/CWebApplication.php(282): SiteController->run()
#13 /var/www/jr/framework/web/CWebApplication.php(141): CWebApplication->runController()
#14 /var/www/jr/framework/base/CApplication.php(169): CWebApplication->processRequest()
#15 /var/www/jr/index.php(15): CWebApplication->run()
REQUEST_URI=/jr/
in /var/www/jr/protected/controllers/SiteController.php (32)
in /var/www/jr/index.php (15)
2014/06/05 11:13:27 [error] [exception.CException] exception 'CException' with message 'Property "ETwigViewRenderer.extentions" is not defined.' in /var/www/jr/framework/base/CComponent.php:173
Stack trace:
#0 /var/www/jr/framework/YiiBase.php(220): CComponent->__set('extentions', Array)
#1 /var/www/jr/framework/base/CModule.php(386): YiiBase::createComponent(Array)
#2 /var/www/jr/framework/web/CWebApplication.php(221): CModule->getComponent('viewRenderer')
#3 /var/www/jr/framework/web/CController.php(695): CWebApplication->getViewRenderer()
#4 /var/www/jr/framework/web/CController.php(591): CController->resolveViewFile('index', '/var/www/jr/pro...', '/var/www/jr/pro...', '/var/www/jr/pro...')
#5 /var/www/jr/framework/web/CController.php(867): CController->getViewFile('index')
#6 /var/www/jr/framework/web/CController.php(782): CController->renderPartial('index', NULL, true)
#7 /var/www/jr/protected/controllers/SiteController.php(32): CController->render('index')
#8 /var/www/jr/framework/web/actions/CInlineAction.php(49): SiteController->actionIndex()
#9 /var/www/jr/framework/web/CController.php(308): CInlineAction->runWithParams(Array)
#10 /var/www/jr/framework/web/CController.php(286): CController->runAction(Object(CInlineAction))
#11 /var/www/jr/framework/web/CController.php(265): CController->runActionWithFilters(Object(CInlineAction), Array)
#12 /var/www/jr/framework/web/CWebApplication.php(282): CController->run('')
#13 /var/www/jr/framework/web/CWebApplication.php(141): CWebApplication->runController('')
#14 /var/www/jr/framework/base/CApplication.php(169): CWebApplication->processRequest()
#15 /var/www/jr/index.php(15): CApplication->run()
#16 {main}
REQUEST_URI=/jr/
---
2014/06/05 11:13:34 [error] [exception.CException] exception 'CException' with message 'Alias "extensions.twig-renderer-master.ETwigViewRenderer" is invalid. Make sure it points to an existing directory or file.' in /var/www/jr/framework/YiiBase.php:341
Stack trace:
#0 /var/www/jr/framework/YiiBase.php(196): YiiBase::import('extensions.twig...', true)
#1 /var/www/jr/framework/base/CModule.php(386): YiiBase::createComponent(Array)
#2 /var/www/jr/framework/web/CWebApplication.php(221): CModule->getComponent('viewRenderer')
#3 /var/www/jr/framework/web/CController.php(695): CWebApplication->getViewRenderer()
#4 /var/www/jr/framework/web/CController.php(591): CController->resolveViewFile('index', '/var/www/jr/pro...', '/var/www/jr/pro...', '/var/www/jr/pro...')
#5 /var/www/jr/framework/web/CController.php(867): CController->getViewFile('index')
#6 /var/www/jr/framework/web/CController.php(782): CController->renderPartial('index', NULL, true)
#7 /var/www/jr/protected/controllers/SiteController.php(32): CController->render('index')
#8 /var/www/jr/framework/web/actions/CInlineAction.php(49): SiteController->actionIndex()
#9 /var/www/jr/framework/web/CController.php(308): CInlineAction->runWithParams(Array)
#10 /var/www/jr/framework/web/CController.php(286): CController->runAction(Object(CInlineAction))
#11 /var/www/jr/framework/web/CController.php(265): CController->runActionWithFilters(Object(CInlineAction), Array)
#12 /var/www/jr/framework/web/CWebApplication.php(282): CController->run('')
#13 /var/www/jr/framework/web/CWebApplication.php(141): CWebApplication->runController('')
#14 /var/www/jr/framework/base/CApplication.php(169): CWebApplication->processRequest()
#15 /var/www/jr/index.php(15): CApplication->run()
#16 {main}
REQUEST_URI=/jr/
---
2014/06/05 11:13:38 [error] [exception.CException] exception 'CException' with message 'Property "ETwigViewRenderer.extentions" is not defined.' in /var/www/jr/framework/base/CComponent.php:173
Stack trace:
#0 /var/www/jr/framework/YiiBase.php(220): CComponent->__set('extentions', Array)
#1 /var/www/jr/framework/base/CModule.php(386): YiiBase::createComponent(Array)
#2 /var/www/jr/framework/web/CWebApplication.php(221): CModule->getComponent('viewRenderer')
#3 /var/www/jr/framework/web/CController.php(695): CWebApplication->getViewRenderer()
#4 /var/www/jr/framework/web/CController.php(591): CController->resolveViewFile('index', '/var/www/jr/pro...', '/var/www/jr/pro...', '/var/www/jr/pro...')
#5 /var/www/jr/framework/web/CController.php(867): CController->getViewFile('index')
#6 /var/www/jr/framework/web/CController.php(782): CController->renderPartial('index', NULL, true)
#7 /var/www/jr/protected/controllers/SiteController.php(32): CController->render('index')
#8 /var/www/jr/framework/web/actions/CInlineAction.php(49): SiteController->actionIndex()
#9 /var/www/jr/framework/web/CController.php(308): CInlineAction->runWithParams(Array)
#10 /var/www/jr/framework/web/CController.php(286): CController->runAction(Object(CInlineAction))
#11 /var/www/jr/framework/web/CController.php(265): CController->runActionWithFilters(Object(CInlineAction), Array)
#12 /var/www/jr/framework/web/CWebApplication.php(282): CController->run('')
#13 /var/www/jr/framework/web/CWebApplication.php(141): CWebApplication->runController('')
#14 /var/www/jr/framework/base/CApplication.php(169): CWebApplication->processRequest()
#15 /var/www/jr/index.php(15): CApplication->run()
#16 {main}
REQUEST_URI=/jr/
---
2014/06/05 11:14:34 [error] [exception.CException] exception 'CException' with message 'Property "ETwigViewRenderer.extentions" is not defined.' in /var/www/jr/framework/base/CComponent.php:173
Stack trace:
#0 /var/www/jr/framework/YiiBase.php(220): CComponent->__set('extentions', Array)
#1 /var/www/jr/framework/base/CModule.php(386): YiiBase::createComponent(Array)
#2 /var/www/jr/framework/web/CWebApplication.php(221): CModule->getComponent('viewRenderer')
#3 /var/www/jr/framework/web/CController.php(695): CWebApplication->getViewRenderer()
#4 /var/www/jr/framework/web/CController.php(591): CController->resolveViewFile('index', '/var/www/jr/pro...', '/var/www/jr/pro...', '/var/www/jr/pro...')
#5 /var/www/jr/framework/web/CController.php(867): CController->getViewFile('index')
#6 /var/www/jr/framework/web/CController.php(782): CController->renderPartial('index', NULL, true)
#7 /var/www/jr/protected/controllers/SiteController.php(32): CController->render('index')
#8 /var/www/jr/framework/web/actions/CInlineAction.php(49): SiteController->actionIndex()
#9 /var/www/jr/framework/web/CController.php(308): CInlineAction->runWithParams(Array)
#10 /var/www/jr/framework/web/CController.php(286): CController->runAction(Object(CInlineAction))
#11 /var/www/jr/framework/web/CController.php(265): CController->runActionWithFilters(Object(CInlineAction), Array)
#12 /var/www/jr/framework/web/CWebApplication.php(282): CController->run('')
#13 /var/www/jr/framework/web/CWebApplication.php(141): CWebApplication->runController('')
#14 /var/www/jr/framework/base/CApplication.php(169): CWebApplication->processRequest()
#15 /var/www/jr/index.php(15): CApplication->run()
#16 {main}
REQUEST_URI=/jr/
---
2014/06/05 11:14:50 [error] [exception.CException] exception 'CException' with message 'Property "ETwigViewRenderer.extentions" is not defined.' in /var/www/jr/framework/base/CComponent.php:173
Stack trace:
#0 /var/www/jr/framework/YiiBase.php(220): CComponent->__set('extentions', Array)
#1 /var/www/jr/framework/base/CModule.php(386): YiiBase::createComponent(Array)
#2 /var/www/jr/framework/web/CWebApplication.php(221): CModule->getComponent('viewRenderer')
#3 /var/www/jr/framework/web/CController.php(695): CWebApplication->getViewRenderer()
#4 /var/www/jr/framework/web/CController.php(591): CController->resolveViewFile('index', '/var/www/jr/pro...', '/var/www/jr/pro...', '/var/www/jr/pro...')
#5 /var/www/jr/framework/web/CController.php(867): CController->getViewFile('index')
#6 /var/www/jr/framework/web/CController.php(782): CController->renderPartial('index', NULL, true)
#7 /var/www/jr/protected/controllers/SiteController.php(32): CController->render('index')
#8 /var/www/jr/framework/web/actions/CInlineAction.php(49): SiteController->actionIndex()
#9 /var/www/jr/framework/web/CController.php(308): CInlineAction->runWithParams(Array)
#10 /var/www/jr/framework/web/CController.php(286): CController->runAction(Object(CInlineAction))
#11 /var/www/jr/framework/web/CController.php(265): CController->runActionWithFilters(Object(CInlineAction), Array)
#12 /var/www/jr/framework/web/CWebApplication.php(282): CController->run('')
#13 /var/www/jr/framework/web/CWebApplication.php(141): CWebApplication->runController('')
#14 /var/www/jr/framework/base/CApplication.php(169): CWebApplication->processRequest()
#15 /var/www/jr/index.php(15): CApplication->run()
#16 {main}
REQUEST_URI=/jr/
---
2014/06/05 11:15:17 [error] [exception.CException] exception 'CException' with message 'Property "ETwigViewRenderer.extentions" is not defined.' in /var/www/jr/framework/base/CComponent.php:173
Stack trace:
#0 /var/www/jr/framework/YiiBase.php(220): CComponent->__set('extentions', Array)
#1 /var/www/jr/framework/base/CModule.php(386): YiiBase::createComponent(Array)
#2 /var/www/jr/framework/web/CWebApplication.php(221): CModule->getComponent('viewRenderer')
#3 /var/www/jr/framework/web/CController.php(695): CWebApplication->getViewRenderer()
#4 /var/www/jr/framework/web/CController.php(591): CController->resolveViewFile('index', '/var/www/jr/pro...', '/var/www/jr/pro...', '/var/www/jr/pro...')
#5 /var/www/jr/framework/web/CController.php(867): CController->getViewFile('index')
#6 /var/www/jr/framework/web/CController.php(782): CController->renderPartial('index', NULL, true)
#7 /var/www/jr/protected/controllers/SiteController.php(32): CController->render('index')
#8 /var/www/jr/framework/web/actions/CInlineAction.php(49): SiteController->actionIndex()
#9 /var/www/jr/framework/web/CController.php(308): CInlineAction->runWithParams(Array)
#10 /var/www/jr/framework/web/CController.php(286): CController->runAction(Object(CInlineAction))
#11 /var/www/jr/framework/web/CController.php(265): CController->runActionWithFilters(Object(CInlineAction), Array)
#12 /var/www/jr/framework/web/CWebApplication.php(282): CController->run('')
#13 /var/www/jr/framework/web/CWebApplication.php(141): CWebApplication->runController('')
#14 /var/www/jr/framework/base/CApplication.php(169): CWebApplication->processRequest()
#15 /var/www/jr/index.php(15): CApplication->run()
#16 {main}
REQUEST_URI=/jr/
---
2014/06/05 11:16:11 [error] [exception.CException] exception 'CException' with message 'Property "ETwigViewRenderer.extentions" is not defined.' in /var/www/jr/framework/base/CComponent.php:173
Stack trace:
#0 /var/www/jr/framework/YiiBase.php(220): CComponent->__set('extentions', Array)
#1 /var/www/jr/framework/base/CModule.php(386): YiiBase::createComponent(Array)
#2 /var/www/jr/framework/web/CWebApplication.php(221): CModule->getComponent('viewRenderer')
#3 /var/www/jr/framework/web/CController.php(695): CWebApplication->getViewRenderer()
#4 /var/www/jr/framework/web/CController.php(591): CController->resolveViewFile('index', '/var/www/jr/pro...', '/var/www/jr/pro...', '/var/www/jr/pro...')
#5 /var/www/jr/framework/web/CController.php(867): CController->getViewFile('index')
#6 /var/www/jr/framework/web/CController.php(782): CController->renderPartial('index', NULL, true)
#7 /var/www/jr/protected/controllers/SiteController.php(32): CController->render('index')
#8 /var/www/jr/framework/web/actions/CInlineAction.php(49): SiteController->actionIndex()
#9 /var/www/jr/framework/web/CController.php(308): CInlineAction->runWithParams(Array)
#10 /var/www/jr/framework/web/CController.php(286): CController->runAction(Object(CInlineAction))
#11 /var/www/jr/framework/web/CController.php(265): CController->runActionWithFilters(Object(CInlineAction), Array)
#12 /var/www/jr/framework/web/CWebApplication.php(282): CController->run('')
#13 /var/www/jr/framework/web/CWebApplication.php(141): CWebApplication->runController('')
#14 /var/www/jr/framework/base/CApplication.php(169): CWebApplication->processRequest()
#15 /var/www/jr/index.php(15): CApplication->run()
#16 {main}
REQUEST_URI=/jr/
---
2014/06/05 11:16:48 [error] [exception.CException] exception 'CException' with message 'Property "ETwigViewRenderer.extentions" is not defined.' in /var/www/jr/framework/base/CComponent.php:173
Stack trace:
#0 /var/www/jr/framework/YiiBase.php(220): CComponent->__set('extentions', Array)
#1 /var/www/jr/framework/base/CModule.php(386): YiiBase::createComponent(Array)
#2 /var/www/jr/framework/web/CWebApplication.php(221): CModule->getComponent('viewRenderer')
#3 /var/www/jr/framework/web/CController.php(695): CWebApplication->getViewRenderer()
#4 /var/www/jr/framework/web/CController.php(591): CController->resolveViewFile('index', '/var/www/jr/pro...', '/var/www/jr/pro...', '/var/www/jr/pro...')
#5 /var/www/jr/framework/web/CController.php(867): CController->getViewFile('index')
#6 /var/www/jr/framework/web/CController.php(782): CController->renderPartial('index', NULL, true)
#7 /var/www/jr/protected/controllers/SiteController.php(32): CController->render('index')
#8 /var/www/jr/framework/web/actions/CInlineAction.php(49): SiteController->actionIndex()
#9 /var/www/jr/framework/web/CController.php(308): CInlineAction->runWithParams(Array)
#10 /var/www/jr/framework/web/CController.php(286): CController->runAction(Object(CInlineAction))
#11 /var/www/jr/framework/web/CController.php(265): CController->runActionWithFilters(Object(CInlineAction), Array)
#12 /var/www/jr/framework/web/CWebApplication.php(282): CController->run('')
#13 /var/www/jr/framework/web/CWebApplication.php(141): CWebApplication->runController('')
#14 /var/www/jr/framework/base/CApplication.php(169): CWebApplication->processRequest()
#15 /var/www/jr/index.php(15): CApplication->run()
#16 {main}
REQUEST_URI=/jr/
---
2014/06/05 11:21:35 [error] [exception.CException] exception 'CException' with message 'Property "ETwigViewRenderer.extentions" is not defined.' in /var/www/jr/framework/base/CComponent.php:173
Stack trace:
#0 /var/www/jr/framework/YiiBase.php(220): CComponent->__set('extentions', Array)
#1 /var/www/jr/framework/base/CModule.php(386): YiiBase::createComponent(Array)
#2 /var/www/jr/framework/web/CWebApplication.php(221): CModule->getComponent('viewRenderer')
#3 /var/www/jr/framework/web/CController.php(695): CWebApplication->getViewRenderer()
#4 /var/www/jr/framework/web/CController.php(591): CController->resolveViewFile('index', '/var/www/jr/pro...', '/var/www/jr/pro...', '/var/www/jr/pro...')
#5 /var/www/jr/framework/web/CController.php(867): CController->getViewFile('index')
#6 /var/www/jr/framework/web/CController.php(782): CController->renderPartial('index', NULL, true)
#7 /var/www/jr/protected/controllers/SiteController.php(32): CController->render('index')
#8 /var/www/jr/framework/web/actions/CInlineAction.php(49): SiteController->actionIndex()
#9 /var/www/jr/framework/web/CController.php(308): CInlineAction->runWithParams(Array)
#10 /var/www/jr/framework/web/CController.php(286): CController->runAction(Object(CInlineAction))
#11 /var/www/jr/framework/web/CController.php(265): CController->runActionWithFilters(Object(CInlineAction), Array)
#12 /var/www/jr/framework/web/CWebApplication.php(282): CController->run('')
#13 /var/www/jr/framework/web/CWebApplication.php(141): CWebApplication->runController('')
#14 /var/www/jr/framework/base/CApplication.php(169): CWebApplication->processRequest()
#15 /var/www/jr/index.php(15): CApplication->run()
#16 {main}
REQUEST_URI=/jr/
---
2014/06/05 11:21:36 [error] [exception.CException] exception 'CException' with message 'Property "ETwigViewRenderer.extentions" is not defined.' in /var/www/jr/framework/base/CComponent.php:173
Stack trace:
#0 /var/www/jr/framework/YiiBase.php(220): CComponent->__set('extentions', Array)
#1 /var/www/jr/framework/base/CModule.php(386): YiiBase::createComponent(Array)
#2 /var/www/jr/framework/web/CWebApplication.php(221): CModule->getComponent('viewRenderer')
#3 /var/www/jr/framework/web/CController.php(695): CWebApplication->getViewRenderer()
#4 /var/www/jr/framework/web/CController.php(591): CController->resolveViewFile('index', '/var/www/jr/pro...', '/var/www/jr/pro...', '/var/www/jr/pro...')
#5 /var/www/jr/framework/web/CController.php(867): CController->getViewFile('index')
#6 /var/www/jr/framework/web/CController.php(782): CController->renderPartial('index', NULL, true)
#7 /var/www/jr/protected/controllers/SiteController.php(32): CController->render('index')
#8 /var/www/jr/framework/web/actions/CInlineAction.php(49): SiteController->actionIndex()
#9 /var/www/jr/framework/web/CController.php(308): CInlineAction->runWithParams(Array)
#10 /var/www/jr/framework/web/CController.php(286): CController->runAction(Object(CInlineAction))
#11 /var/www/jr/framework/web/CController.php(265): CController->runActionWithFilters(Object(CInlineAction), Array)
#12 /var/www/jr/framework/web/CWebApplication.php(282): CController->run('')
#13 /var/www/jr/framework/web/CWebApplication.php(141): CWebApplication->runController('')
#14 /var/www/jr/framework/base/CApplication.php(169): CWebApplication->processRequest()
#15 /var/www/jr/index.php(15): CApplication->run()
#16 {main}
REQUEST_URI=/jr/
---
2014/06/05 11:21:36 [error] [exception.CException] exception 'CException' with message 'Property "ETwigViewRenderer.extentions" is not defined.' in /var/www/jr/framework/base/CComponent.php:173
Stack trace:
#0 /var/www/jr/framework/YiiBase.php(220): CComponent->__set('extentions', Array)
#1 /var/www/jr/framework/base/CModule.php(386): YiiBase::createComponent(Array)
#2 /var/www/jr/framework/web/CWebApplication.php(221): CModule->getComponent('viewRenderer')
#3 /var/www/jr/framework/web/CController.php(695): CWebApplication->getViewRenderer()
#4 /var/www/jr/framework/web/CController.php(591): CController->resolveViewFile('index', '/var/www/jr/pro...', '/var/www/jr/pro...', '/var/www/jr/pro...')
#5 /var/www/jr/framework/web/CController.php(867): CController->getViewFile('index')
#6 /var/www/jr/framework/web/CController.php(782): CController->renderPartial('index', NULL, true)
#7 /var/www/jr/protected/controllers/SiteController.php(32): CController->render('index')
#8 /var/www/jr/framework/web/actions/CInlineAction.php(49): SiteController->actionIndex()
#9 /var/www/jr/framework/web/CController.php(308): CInlineAction->runWithParams(Array)
#10 /var/www/jr/framework/web/CController.php(286): CController->runAction(Object(CInlineAction))
#11 /var/www/jr/framework/web/CController.php(265): CController->runActionWithFilters(Object(CInlineAction), Array)
#12 /var/www/jr/framework/web/CWebApplication.php(282): CController->run('')
#13 /var/www/jr/framework/web/CWebApplication.php(141): CWebApplication->runController('')
#14 /var/www/jr/framework/base/CApplication.php(169): CWebApplication->processRequest()
#15 /var/www/jr/index.php(15): CApplication->run()
#16 {main}
REQUEST_URI=/jr/
---
2014/06/05 11:21:37 [error] [exception.CException] exception 'CException' with message 'Property "ETwigViewRenderer.extentions" is not defined.' in /var/www/jr/framework/base/CComponent.php:173
Stack trace:
#0 /var/www/jr/framework/YiiBase.php(220): CComponent->__set('extentions', Array)
#1 /var/www/jr/framework/base/CModule.php(386): YiiBase::createComponent(Array)
#2 /var/www/jr/framework/web/CWebApplication.php(221): CModule->getComponent('viewRenderer')
#3 /var/www/jr/framework/web/CController.php(695): CWebApplication->getViewRenderer()
#4 /var/www/jr/framework/web/CController.php(591): CController->resolveViewFile('index', '/var/www/jr/pro...', '/var/www/jr/pro...', '/var/www/jr/pro...')
#5 /var/www/jr/framework/web/CController.php(867): CController->getViewFile('index')
#6 /var/www/jr/framework/web/CController.php(782): CController->renderPartial('index', NULL, true)
#7 /var/www/jr/protected/controllers/SiteController.php(32): CController->render('index')
#8 /var/www/jr/framework/web/actions/CInlineAction.php(49): SiteController->actionIndex()
#9 /var/www/jr/framework/web/CController.php(308): CInlineAction->runWithParams(Array)
#10 /var/www/jr/framework/web/CController.php(286): CController->runAction(Object(CInlineAction))
#11 /var/www/jr/framework/web/CController.php(265): CController->runActionWithFilters(Object(CInlineAction), Array)
#12 /var/www/jr/framework/web/CWebApplication.php(282): CController->run('')
#13 /var/www/jr/framework/web/CWebApplication.php(141): CWebApplication->runController('')
#14 /var/www/jr/framework/base/CApplication.php(169): CWebApplication->processRequest()
#15 /var/www/jr/index.php(15): CApplication->run()
#16 {main}
REQUEST_URI=/jr/
---
2014/06/05 11:21:37 [error] [exception.CException] exception 'CException' with message 'Property "ETwigViewRenderer.extentions" is not defined.' in /var/www/jr/framework/base/CComponent.php:173
Stack trace:
#0 /var/www/jr/framework/YiiBase.php(220): CComponent->__set('extentions', Array)
#1 /var/www/jr/framework/base/CModule.php(386): YiiBase::createComponent(Array)
#2 /var/www/jr/framework/web/CWebApplication.php(221): CModule->getComponent('viewRenderer')
#3 /var/www/jr/framework/web/CController.php(695): CWebApplication->getViewRenderer()
#4 /var/www/jr/framework/web/CController.php(591): CController->resolveViewFile('index', '/var/www/jr/pro...', '/var/www/jr/pro...', '/var/www/jr/pro...')
#5 /var/www/jr/framework/web/CController.php(867): CController->getViewFile('index')
#6 /var/www/jr/framework/web/CController.php(782): CController->renderPartial('index', NULL, true)
#7 /var/www/jr/protected/controllers/SiteController.php(32): CController->render('index')
#8 /var/www/jr/framework/web/actions/CInlineAction.php(49): SiteController->actionIndex()
#9 /var/www/jr/framework/web/CController.php(308): CInlineAction->runWithParams(Array)
#10 /var/www/jr/framework/web/CController.php(286): CController->runAction(Object(CInlineAction))
#11 /var/www/jr/framework/web/CController.php(265): CController->runActionWithFilters(Object(CInlineAction), Array)
#12 /var/www/jr/framework/web/CWebApplication.php(282): CController->run('')
#13 /var/www/jr/framework/web/CWebApplication.php(141): CWebApplication->runController('')
#14 /var/www/jr/framework/base/CApplication.php(169): CWebApplication->processRequest()
#15 /var/www/jr/index.php(15): CApplication->run()
#16 {main}
REQUEST_URI=/jr/
---
2014/06/05 11:21:37 [error] [exception.CException] exception 'CException' with message 'Property "ETwigViewRenderer.extentions" is not defined.' in /var/www/jr/framework/base/CComponent.php:173
Stack trace:
#0 /var/www/jr/framework/YiiBase.php(220): CComponent->__set('extentions', Array)
#1 /var/www/jr/framework/base/CModule.php(386): YiiBase::createComponent(Array)
#2 /var/www/jr/framework/web/CWebApplication.php(221): CModule->getComponent('viewRenderer')
#3 /var/www/jr/framework/web/CController.php(695): CWebApplication->getViewRenderer()
#4 /var/www/jr/framework/web/CController.php(591): CController->resolveViewFile('index', '/var/www/jr/pro...', '/var/www/jr/pro...', '/var/www/jr/pro...')
#5 /var/www/jr/framework/web/CController.php(867): CController->getViewFile('index')
#6 /var/www/jr/framework/web/CController.php(782): CController->renderPartial('index', NULL, true)
#7 /var/www/jr/protected/controllers/SiteController.php(32): CController->render('index')
#8 /var/www/jr/framework/web/actions/CInlineAction.php(49): SiteController->actionIndex()
#9 /var/www/jr/framework/web/CController.php(308): CInlineAction->runWithParams(Array)
#10 /var/www/jr/framework/web/CController.php(286): CController->runAction(Object(CInlineAction))
#11 /var/www/jr/framework/web/CController.php(265): CController->runActionWithFilters(Object(CInlineAction), Array)
#12 /var/www/jr/framework/web/CWebApplication.php(282): CController->run('')
#13 /var/www/jr/framework/web/CWebApplication.php(141): CWebApplication->runController('')
#14 /var/www/jr/framework/base/CApplication.php(169): CWebApplication->processRequest()
#15 /var/www/jr/index.php(15): CApplication->run()
#16 {main}
REQUEST_URI=/jr/
---
2014/06/05 11:22:43 [error] [exception.CException] exception 'CException' with message 'Property "ETwigViewRenderer.extentions" is not defined.' in /var/www/jr/framework/base/CComponent.php:173
Stack trace:
#0 /var/www/jr/framework/YiiBase.php(220): CComponent->__set('extentions', Array)
#1 /var/www/jr/framework/base/CModule.php(386): YiiBase::createComponent(Array)
#2 /var/www/jr/framework/web/CWebApplication.php(221): CModule->getComponent('viewRenderer')
#3 /var/www/jr/framework/web/CController.php(695): CWebApplication->getViewRenderer()
#4 /var/www/jr/framework/web/CController.php(591): CController->resolveViewFile('index', '/var/www/jr/pro...', '/var/www/jr/pro...', '/var/www/jr/pro...')
#5 /var/www/jr/framework/web/CController.php(867): CController->getViewFile('index')
#6 /var/www/jr/framework/web/CController.php(782): CController->renderPartial('index', NULL, true)
#7 /var/www/jr/protected/controllers/SiteController.php(32): CController->render('index')
#8 /var/www/jr/framework/web/actions/CInlineAction.php(49): SiteController->actionIndex()
#9 /var/www/jr/framework/web/CController.php(308): CInlineAction->runWithParams(Array)
#10 /var/www/jr/framework/web/CController.php(286): CController->runAction(Object(CInlineAction))
#11 /var/www/jr/framework/web/CController.php(265): CController->runActionWithFilters(Object(CInlineAction), Array)
#12 /var/www/jr/framework/web/CWebApplication.php(282): CController->run('')
#13 /var/www/jr/framework/web/CWebApplication.php(141): CWebApplication->runController('')
#14 /var/www/jr/framework/base/CApplication.php(169): CWebApplication->processRequest()
#15 /var/www/jr/index.php(15): CApplication->run()
#16 {main}
REQUEST_URI=/jr/
---
2014/06/05 11:22:46 [error] [exception.CException] exception 'CException' with message 'Property "ETwigViewRenderer.extentions" is not defined.' in /var/www/jr/framework/base/CComponent.php:173
Stack trace:
#0 /var/www/jr/framework/YiiBase.php(220): CComponent->__set('extentions', Array)
#1 /var/www/jr/framework/base/CModule.php(386): YiiBase::createComponent(Array)
#2 /var/www/jr/framework/web/CWebApplication.php(221): CModule->getComponent('viewRenderer')
#3 /var/www/jr/framework/web/CController.php(695): CWebApplication->getViewRenderer()
#4 /var/www/jr/framework/web/CController.php(591): CController->resolveViewFile('index', '/var/www/jr/pro...', '/var/www/jr/pro...', '/var/www/jr/pro...')
#5 /var/www/jr/framework/web/CController.php(867): CController->getViewFile('index')
#6 /var/www/jr/framework/web/CController.php(782): CController->renderPartial('index', NULL, true)
#7 /var/www/jr/protected/controllers/SiteController.php(32): CController->render('index')
#8 /var/www/jr/framework/web/actions/CInlineAction.php(49): SiteController->actionIndex()
#9 /var/www/jr/framework/web/CController.php(308): CInlineAction->runWithParams(Array)
#10 /var/www/jr/framework/web/CController.php(286): CController->runAction(Object(CInlineAction))
#11 /var/www/jr/framework/web/CController.php(265): CController->runActionWithFilters(Object(CInlineAction), Array)
#12 /var/www/jr/framework/web/CWebApplication.php(282): CController->run('')
#13 /var/www/jr/framework/web/CWebApplication.php(141): CWebApplication->runController('')
#14 /var/www/jr/framework/base/CApplication.php(169): CWebApplication->processRequest()
#15 /var/www/jr/index.php(15): CApplication->run()
#16 {main}
REQUEST_URI=/jr/
---
2014/06/05 11:22:51 [error] [php] require(/var/www/jr/protected/vendor/Twig/Autoloader.php): failed to open stream: No such file or directory (/var/www/jr/protected/extensions/twig/ETwigViewRenderer.php:70)
Stack trace:
#0 /var/www/jr/framework/web/CWebApplication.php(221): CWebApplication->getComponent()
#1 /var/www/jr/framework/web/CController.php(695): CWebApplication->getViewRenderer()
#2 /var/www/jr/framework/web/CController.php(591): SiteController->resolveViewFile()
#3 /var/www/jr/framework/web/CController.php(867): SiteController->getViewFile()
#4 /var/www/jr/framework/web/CController.php(782): SiteController->renderPartial()
#5 /var/www/jr/protected/controllers/SiteController.php(32): SiteController->render()
#6 /var/www/jr/framework/web/actions/CInlineAction.php(49): SiteController->actionIndex()
#7 /var/www/jr/framework/web/CController.php(308): CInlineAction->runWithParams()
#8 /var/www/jr/framework/web/CController.php(286): SiteController->runAction()
#9 /var/www/jr/framework/web/CController.php(265): SiteController->runActionWithFilters()
#10 /var/www/jr/framework/web/CWebApplication.php(282): SiteController->run()
#11 /var/www/jr/framework/web/CWebApplication.php(141): CWebApplication->runController()
#12 /var/www/jr/framework/base/CApplication.php(169): CWebApplication->processRequest()
#13 /var/www/jr/index.php(15): CWebApplication->run()
REQUEST_URI=/jr/
in /var/www/jr/protected/extensions/twig/ETwigViewRenderer.php (70)
in /var/www/jr/protected/extensions/twig/ETwigViewRenderer.php (70)
in /var/www/jr/protected/controllers/SiteController.php (32)
2014/06/05 14:02:00 [error] [exception.CHttpException.404] exception 'CHttpException' with message 'Unable to resolve the request "gii".' in /var/www/jr/framework/web/CWebApplication.php:286
Stack trace:
#0 /var/www/jr/framework/web/CWebApplication.php(141): CWebApplication->runController('gii')
#1 /var/www/jr/framework/base/CApplication.php(169): CWebApplication->processRequest()
#2 /var/www/jr/index.php(15): CApplication->run()
#3 {main}
REQUEST_URI=/jr/index.php?r=gii
---
2014/06/05 14:02:40 [error] [exception.CHttpException.404] exception 'CHttpException' with message 'Unable to resolve the request "gii".' in /var/www/jr/framework/web/CWebApplication.php:286
Stack trace:
#0 /var/www/jr/framework/web/CWebApplication.php(141): CWebApplication->runController('gii')
#1 /var/www/jr/framework/base/CApplication.php(169): CWebApplication->processRequest()
#2 /var/www/jr/index.php(15): CApplication->run()
#3 {main}
REQUEST_URI=/jr/index.php?r=gii
---
2014/06/05 14:04:39 [error] [exception.CDbException] exception 'CDbException' with message 'CDbConnection failed to open the DB connection: SQLSTATE[28000] [1045] Access denied for user 'root'@'localhost' (using password: NO)' in /var/www/jr/framework/db/CDbConnection.php:381
Stack trace:
#0 /var/www/jr/framework/db/CDbConnection.php(330): CDbConnection->open()
#1 /var/www/jr/framework/db/CDbConnection.php(308): CDbConnection->setActive(true)
#2 /var/www/jr/framework/base/CModule.php(387): CDbConnection->init()
#3 /var/www/jr/framework/base/CModule.php(103): CModule->getComponent('db')
#4 /var/www/jr/framework/gii/generators/model/ModelCode.php(57): CModule->__get('db')
#5 /var/www/jr/framework/web/CFormModel.php(39): ModelCode->init()
#6 /var/www/jr/framework/gii/CCodeGenerator.php(153): CFormModel->__construct()
#7 /var/www/jr/framework/gii/CCodeGenerator.php(63): CCodeGenerator->prepare()
#8 /var/www/jr/framework/web/actions/CInlineAction.php(49): CCodeGenerator->actionIndex()
#9 /var/www/jr/framework/web/CController.php(308): CInlineAction->runWithParams(Array)
#10 /var/www/jr/framework/web/CController.php(286): CController->runAction(Object(CInlineAction))
#11 /var/www/jr/framework/web/CController.php(265): CController->runActionWithFilters(Object(CInlineAction), Array)
#12 /var/www/jr/framework/web/CWebApplication.php(282): CController->run('')
#13 /var/www/jr/framework/web/CWebApplication.php(141): CWebApplication->runController('gii/model')
#14 /var/www/jr/framework/base/CApplication.php(169): CWebApplication->processRequest()
#15 /var/www/jr/index.php(15): CApplication->run()
#16 {main}
REQUEST_URI=/jr/index.php?r=gii/model
HTTP_REFERER=http://localhost/jr/index.php?r=gii/controller
---
2014/06/11 10:18:59 [error] [exception.CException] exception 'CException' with message 'SiteController and its behaviors do not have a method or closure named "getCommandBuilder".' in /var/www/jr/framework/base/CComponent.php:265
Stack trace:
#0 /var/www/jr/framework/db/ar/CActiveRecord.php(1415): CComponent->__call('getCommandBuild...', Array)
#1 /var/www/jr/framework/db/ar/CActiveRecord.php(1415): SiteController->getCommandBuilder()
#2 /var/www/jr/protected/controllers/SiteController.php(32): CActiveRecord->findAll()
#3 /var/www/jr/framework/web/actions/CInlineAction.php(49): SiteController->actionIndex()
#4 /var/www/jr/framework/web/CController.php(308): CInlineAction->runWithParams(Array)
#5 /var/www/jr/framework/web/CController.php(286): CController->runAction(Object(CInlineAction))
#6 /var/www/jr/framework/web/CController.php(265): CController->runActionWithFilters(Object(CInlineAction), Array)
#7 /var/www/jr/framework/web/CWebApplication.php(282): CController->run('index')
#8 /var/www/jr/framework/web/CWebApplication.php(141): CWebApplication->runController('site/index')
#9 /var/www/jr/framework/base/CApplication.php(169): CWebApplication->processRequest()
#10 /var/www/jr/index.php(15): CApplication->run()
#11 {main}
REQUEST_URI=/jr/index.php?r=site/index
HTTP_REFERER=http://localhost/jr/index.php?r=site/contact
---
2014/06/11 10:23:54 [error] [exception.CException] exception 'CException' with message 'SiteController contains improperly nested widget tags in its view "/var/www/jr/protected/views/site/index.php". A TbHeroUnit widget does not have an endWidget() call.' in /var/www/jr/framework/web/CBaseController.php:101
Stack trace:
#0 /var/www/jr/framework/web/CController.php(869): CBaseController->renderFile('/var/www/jr/pro...', Array, true)
#1 /var/www/jr/framework/web/CController.php(782): CController->renderPartial('index', Array, true)
#2 /var/www/jr/protected/controllers/SiteController.php(36): CController->render('index', Array)
#3 /var/www/jr/framework/web/actions/CInlineAction.php(49): SiteController->actionIndex()
#4 /var/www/jr/framework/web/CController.php(308): CInlineAction->runWithParams(Array)
#5 /var/www/jr/framework/web/CController.php(286): CController->runAction(Object(CInlineAction))
#6 /var/www/jr/framework/web/CController.php(265): CController->runActionWithFilters(Object(CInlineAction), Array)
#7 /var/www/jr/framework/web/CWebApplication.php(282): CController->run('index')
#8 /var/www/jr/framework/web/CWebApplication.php(141): CWebApplication->runController('site/index')
#9 /var/www/jr/framework/base/CApplication.php(169): CWebApplication->processRequest()
#10 /var/www/jr/index.php(15): CApplication->run()
#11 {main}
REQUEST_URI=/jr/index.php?r=site/index
HTTP_REFERER=http://localhost/jr/index.php?r=site/contact
---
2014/06/11 10:23:55 [error] [exception.CException] exception 'CException' with message 'SiteController contains improperly nested widget tags in its view "/var/www/jr/protected/views/site/index.php". A TbHeroUnit widget does not have an endWidget() call.' in /var/www/jr/framework/web/CBaseController.php:101
Stack trace:
#0 /var/www/jr/framework/web/CController.php(869): CBaseController->renderFile('/var/www/jr/pro...', Array, true)
#1 /var/www/jr/framework/web/CController.php(782): CController->renderPartial('index', Array, true)
#2 /var/www/jr/protected/controllers/SiteController.php(36): CController->render('index', Array)
#3 /var/www/jr/framework/web/actions/CInlineAction.php(49): SiteController->actionIndex()
#4 /var/www/jr/framework/web/CController.php(308): CInlineAction->runWithParams(Array)
#5 /var/www/jr/framework/web/CController.php(286): CController->runAction(Object(CInlineAction))
#6 /var/www/jr/framework/web/CController.php(265): CController->runActionWithFilters(Object(CInlineAction), Array)
#7 /var/www/jr/framework/web/CWebApplication.php(282): CController->run('index')
#8 /var/www/jr/framework/web/CWebApplication.php(141): CWebApplication->runController('site/index')
#9 /var/www/jr/framework/base/CApplication.php(169): CWebApplication->processRequest()
#10 /var/www/jr/index.php(15): CApplication->run()
#11 {main}
REQUEST_URI=/jr/index.php?r=site/index
HTTP_REFERER=http://localhost/jr/index.php?r=site/contact
---
2014/06/11 10:30:52 [error] [php] Undefined variable: journals (/var/www/jr/protected/views/site/index.php:10)
Stack trace:
#0 /var/www/jr/framework/web/CController.php(869): SiteController->renderFile()
#1 /var/www/jr/framework/web/CController.php(782): SiteController->renderPartial()
#2 /var/www/jr/protected/controllers/SiteController.php(36): SiteController->render()
#3 /var/www/jr/framework/web/actions/CInlineAction.php(49): SiteController->actionIndex()
#4 /var/www/jr/framework/web/CController.php(308): CInlineAction->runWithParams()
#5 /var/www/jr/framework/web/CController.php(286): SiteController->runAction()
#6 /var/www/jr/framework/web/CController.php(265): SiteController->runActionWithFilters()
#7 /var/www/jr/framework/web/CWebApplication.php(282): SiteController->run()
#8 /var/www/jr/framework/web/CWebApplication.php(141): CWebApplication->runController()
#9 /var/www/jr/framework/base/CApplication.php(169): CWebApplication->processRequest()
#10 /var/www/jr/index.php(15): CWebApplication->run()
REQUEST_URI=/jr/index.php?r=site/index
in /var/www/jr/protected/views/site/index.php (10)
in /var/www/jr/protected/controllers/SiteController.php (36)
in /var/www/jr/index.php (15)
2014/06/11 10:30:54 [error] [php] Undefined variable: journals (/var/www/jr/protected/views/site/index.php:10)
Stack trace:
#0 /var/www/jr/framework/web/CController.php(869): SiteController->renderFile()
#1 /var/www/jr/framework/web/CController.php(782): SiteController->renderPartial()
#2 /var/www/jr/protected/controllers/SiteController.php(36): SiteController->render()
#3 /var/www/jr/framework/web/actions/CInlineAction.php(49): SiteController->actionIndex()
#4 /var/www/jr/framework/web/CController.php(308): CInlineAction->runWithParams()
#5 /var/www/jr/framework/web/CController.php(286): SiteController->runAction()
#6 /var/www/jr/framework/web/CController.php(265): SiteController->runActionWithFilters()
#7 /var/www/jr/framework/web/CWebApplication.php(282): SiteController->run()
#8 /var/www/jr/framework/web/CWebApplication.php(141): CWebApplication->runController()
#9 /var/www/jr/framework/base/CApplication.php(169): CWebApplication->processRequest()
#10 /var/www/jr/index.php(15): CWebApplication->run()
REQUEST_URI=/jr/index.php?r=site/index
in /var/www/jr/protected/views/site/index.php (10)
in /var/www/jr/protected/controllers/SiteController.php (36)
in /var/www/jr/index.php (15)
2014/06/11 10:31:02 [error] [php] Undefined variable: ournal (/var/www/jr/protected/views/site/index.php:13)
Stack trace:
#0 /var/www/jr/framework/web/CController.php(869): SiteController->renderFile()
#1 /var/www/jr/framework/web/CController.php(782): SiteController->renderPartial()
#2 /var/www/jr/protected/controllers/SiteController.php(36): SiteController->render()
#3 /var/www/jr/framework/web/actions/CInlineAction.php(49): SiteController->actionIndex()
#4 /var/www/jr/framework/web/CController.php(308): CInlineAction->runWithParams()
#5 /var/www/jr/framework/web/CController.php(286): SiteController->runAction()
#6 /var/www/jr/framework/web/CController.php(265): SiteController->runActionWithFilters()
#7 /var/www/jr/framework/web/CWebApplication.php(282): SiteController->run()
#8 /var/www/jr/framework/web/CWebApplication.php(141): CWebApplication->runController()
#9 /var/www/jr/framework/base/CApplication.php(169): CWebApplication->processRequest()
#10 /var/www/jr/index.php(15): CWebApplication->run()
REQUEST_URI=/jr/index.php?r=site/index
in /var/www/jr/protected/views/site/index.php (13)
in /var/www/jr/protected/controllers/SiteController.php (36)
in /var/www/jr/index.php (15)
2014/06/11 10:31:12 [error] [php] Trying to get property of non-object (/var/www/jr/protected/views/site/index.php:13)
Stack trace:
#0 /var/www/jr/framework/web/CController.php(869): SiteController->renderFile()
#1 /var/www/jr/framework/web/CController.php(782): SiteController->renderPartial()
#2 /var/www/jr/protected/controllers/SiteController.php(36): SiteController->render()
#3 /var/www/jr/framework/web/actions/CInlineAction.php(49): SiteController->actionIndex()
#4 /var/www/jr/framework/web/CController.php(308): CInlineAction->runWithParams()
#5 /var/www/jr/framework/web/CController.php(286): SiteController->runAction()
#6 /var/www/jr/framework/web/CController.php(265): SiteController->runActionWithFilters()
#7 /var/www/jr/framework/web/CWebApplication.php(282): SiteController->run()
#8 /var/www/jr/framework/web/CWebApplication.php(141): CWebApplication->runController()
#9 /var/www/jr/framework/base/CApplication.php(169): CWebApplication->processRequest()
#10 /var/www/jr/index.php(15): CWebApplication->run()
REQUEST_URI=/jr/index.php?r=site/index
in /var/www/jr/protected/views/site/index.php (13)
in /var/www/jr/protected/controllers/SiteController.php (36)
in /var/www/jr/index.php (15)
2014/06/11 11:57:04 [error] [exception.CException] exception 'CException' with message 'Property "Journals.issues" is not defined.' in /var/www/jr/framework/base/CComponent.php:173
Stack trace:
#0 /var/www/jr/framework/db/ar/CActiveRecord.php(159): CComponent->__set('issues', Array)
#1 /var/www/jr/protected/controllers/SiteController.php(35): CActiveRecord->__set('issues', Array)
#2 /var/www/jr/framework/web/actions/CInlineAction.php(49): SiteController->actionIndex()
#3 /var/www/jr/framework/web/CController.php(308): CInlineAction->runWithParams(Array)
#4 /var/www/jr/framework/web/CController.php(286): CController->runAction(Object(CInlineAction))
#5 /var/www/jr/framework/web/CController.php(265): CController->runActionWithFilters(Object(CInlineAction), Array)
#6 /var/www/jr/framework/web/CWebApplication.php(282): CController->run('index')
#7 /var/www/jr/framework/web/CWebApplication.php(141): CWebApplication->runController('site/index')
#8 /var/www/jr/framework/base/CApplication.php(169): CWebApplication->processRequest()
#9 /var/www/jr/index.php(15): CApplication->run()
#10 {main}
REQUEST_URI=/jr/index.php?r=site/index
HTTP_REFERER=http://localhost/jr/index.php?r=site/contact
---
2014/06/11 12:05:02 [error] [exception.CException] exception 'CException' with message 'Property "Journals.issues" is not defined.' in /var/www/jr/framework/base/CComponent.php:173
Stack trace:
#0 /var/www/jr/framework/db/ar/CActiveRecord.php(159): CComponent->__set('issues', Array)
#1 /var/www/jr/protected/controllers/SiteController.php(35): CActiveRecord->__set('issues', Array)
#2 /var/www/jr/framework/web/actions/CInlineAction.php(49): SiteController->actionIndex()
#3 /var/www/jr/framework/web/CController.php(308): CInlineAction->runWithParams(Array)
#4 /var/www/jr/framework/web/CController.php(286): CController->runAction(Object(CInlineAction))
#5 /var/www/jr/framework/web/CController.php(265): CController->runActionWithFilters(Object(CInlineAction), Array)
#6 /var/www/jr/framework/web/CWebApplication.php(282): CController->run('index')
#7 /var/www/jr/framework/web/CWebApplication.php(141): CWebApplication->runController('site/index')
#8 /var/www/jr/framework/base/CApplication.php(169): CWebApplication->processRequest()
#9 /var/www/jr/index.php(15): CApplication->run()
#10 {main}
REQUEST_URI=/jr/index.php?r=site/index
HTTP_REFERER=http://localhost/jr/index.php?r=site/contact
---
2014/06/11 12:05:40 [error] [exception.CDbException] exception 'CDbException' with message 'CDbConnection failed to open the DB connection: SQLSTATE[28000] [1045] Access denied for user 'some'@'localhost' (using password: YES)' in /var/www/jr/framework/db/CDbConnection.php:381
Stack trace:
#0 /var/www/jr/framework/db/CDbConnection.php(330): CDbConnection->open()
#1 /var/www/jr/framework/db/CDbConnection.php(308): CDbConnection->setActive(true)
#2 /var/www/jr/framework/base/CModule.php(387): CDbConnection->init()
#3 /var/www/jr/framework/base/CApplication.php(438): CModule->getComponent('db')
#4 /var/www/jr/framework/db/ar/CActiveRecord.php(623): CApplication->getDb()
#5 /var/www/jr/framework/db/ar/CActiveRecord.php(2309): CActiveRecord->getDbConnection()
#6 /var/www/jr/framework/db/ar/CActiveRecord.php(387): CActiveRecordMetaData->__construct(Object(Journals))
#7 /var/www/jr/protected/models/Journals.php(22): CActiveRecord::model('Journals')
#8 /var/www/jr/protected/controllers/SiteController.php(32): Journals::model()
#9 /var/www/jr/framework/web/actions/CInlineAction.php(49): SiteController->actionIndex()
#10 /var/www/jr/framework/web/CController.php(308): CInlineAction->runWithParams(Array)
#11 /var/www/jr/framework/web/CController.php(286): CController->runAction(Object(CInlineAction))
#12 /var/www/jr/framework/web/CController.php(265): CController->runActionWithFilters(Object(CInlineAction), Array)
#13 /var/www/jr/framework/web/CWebApplication.php(282): CController->run('index')
#14 /var/www/jr/framework/web/CWebApplication.php(141): CWebApplication->runController('site/index')
#15 /var/www/jr/framework/base/CApplication.php(169): CWebApplication->processRequest()
#16 /var/www/jr/index.php(15): CApplication->run()
#17 {main}
REQUEST_URI=/jr/index.php?r=site/index
HTTP_REFERER=http://localhost/jr/index.php?r=site/contact
---
2014/06/11 13:11:19 [error] [exception.CDbException] exception 'CDbException' with message 'CDbConnection failed to open the DB connection: SQLSTATE[28000] [1045] Access denied for user 'some'@'localhost' (using password: YES)' in /var/www/jr/framework/db/CDbConnection.php:381
Stack trace:
#0 /var/www/jr/framework/db/CDbConnection.php(330): CDbConnection->open()
#1 /var/www/jr/framework/db/CDbConnection.php(308): CDbConnection->setActive(true)
#2 /var/www/jr/framework/base/CModule.php(387): CDbConnection->init()
#3 /var/www/jr/framework/base/CApplication.php(438): CModule->getComponent('db')
#4 /var/www/jr/framework/db/ar/CActiveRecord.php(623): CApplication->getDb()
#5 /var/www/jr/framework/db/ar/CActiveRecord.php(2309): CActiveRecord->getDbConnection()
#6 /var/www/jr/framework/db/ar/CActiveRecord.php(387): CActiveRecordMetaData->__construct(Object(Journals))
#7 /var/www/jr/protected/models/Journals.php(22): CActiveRecord::model('Journals')
#8 /var/www/jr/protected/controllers/SiteController.php(32): Journals::model()
#9 /var/www/jr/framework/web/actions/CInlineAction.php(49): SiteController->actionIndex()
#10 /var/www/jr/framework/web/CController.php(308): CInlineAction->runWithParams(Array)
#11 /var/www/jr/framework/web/CController.php(286): CController->runAction(Object(CInlineAction))
#12 /var/www/jr/framework/web/CController.php(265): CController->runActionWithFilters(Object(CInlineAction), Array)
#13 /var/www/jr/framework/web/CWebApplication.php(282): CController->run('index')
#14 /var/www/jr/framework/web/CWebApplication.php(141): CWebApplication->runController('site/index')
#15 /var/www/jr/framework/base/CApplication.php(169): CWebApplication->processRequest()
#16 /var/www/jr/index.php(15): CApplication->run()
#17 {main}
REQUEST_URI=/jr/index.php?r=site/index
HTTP_REFERER=http://localhost/jr/index.php?r=site/contact
---
2014/06/11 13:14:11 [error] [exception.CDbException] exception 'CDbException' with message 'The relation "issues" in active record class "Issues" is specified with an invalid foreign key. The format of the foreign key must be "joinTable(fk1,fk2,...)".' in /var/www/jr/framework/db/ar/CActiveRecord.php:2264
Stack trace:
#0 /var/www/jr/framework/db/ar/CActiveRecord.php(2241): CManyManyRelation->initJunctionData()
#1 /var/www/jr/framework/db/ar/CActiveFinder.php(521): CManyManyRelation->getJunctionTableName()
#2 /var/www/jr/framework/db/ar/CActiveFinder.php(482): CJoinElement->applyLazyCondition(Object(CJoinQuery), Object(Journals))
#3 /var/www/jr/framework/db/ar/CActiveFinder.php(163): CJoinElement->lazyFind(Object(Journals))
#4 /var/www/jr/framework/db/ar/CActiveRecord.php(272): CActiveFinder->lazyFind(Object(Journals))
#5 /var/www/jr/framework/db/ar/CActiveRecord.php(141): CActiveRecord->getRelated('issues')
#6 /var/www/jr/protected/views/site/index.php(22): CActiveRecord->__get('issues')
#7 /var/www/jr/framework/web/CBaseController.php(126): require('/var/www/jr/pro...')
#8 /var/www/jr/framework/web/CBaseController.php(95): CBaseController->renderInternal('/var/www/jr/pro...', Array, true)
#9 /var/www/jr/framework/web/CController.php(869): CBaseController->renderFile('/var/www/jr/pro...', Array, true)
#10 /var/www/jr/framework/web/CController.php(782): CController->renderPartial('index', Array, true)
#11 /var/www/jr/protected/controllers/SiteController.php(42): CController->render('index', Array)
#12 /var/www/jr/framework/web/actions/CInlineAction.php(49): SiteController->actionIndex()
#13 /var/www/jr/framework/web/CController.php(308): CInlineAction->runWithParams(Array)
#14 /var/www/jr/framework/web/CController.php(286): CController->runAction(Object(CInlineAction))
#15 /var/www/jr/framework/web/CController.php(265): CController->runActionWithFilters(Object(CInlineAction), Array)
#16 /var/www/jr/framework/web/CWebApplication.php(282): CController->run('index')
#17 /var/www/jr/framework/web/CWebApplication.php(141): CWebApplication->runController('site/index')
#18 /var/www/jr/framework/base/CApplication.php(169): CWebApplication->processRequest()
#19 /var/www/jr/index.php(15): CApplication->run()
#20 {main}
REQUEST_URI=/jr/index.php?r=site/index
HTTP_REFERER=http://localhost/jr/index.php?r=site/contact
---
2014/06/11 13:15:02 [error] [system.db.CDbCommand] CDbCommand::fetchAll() failed: SQLSTATE[42S22]: Column not found: 1054 Unknown column 'issues_issues.issues.journal_id' in 'on clause'. The SQL statement executed was: SELECT `issues`.`issue_id` AS `t1_c0`, `issues`.`journal_id` AS `t1_c1`, `issues`.`name` AS `t1_c2`, `issues`.`volume` AS `t1_c3`, `issues`.`series` AS `t1_c4`, `issues`.`year` AS `t1_c5`, `issues`.`publisher` AS `t1_c6`, `issues`.`status` AS `t1_c7`, `issues`.`image` AS `t1_c8`, `issues`.`access_mode` AS `t1_c9` FROM `issues` `issues`  INNER JOIN `issues` `issues_issues` ON (`issues_issues`.`issues`.`journal_id`=:ypl0) AND (`issues`.`issue_id`=`issues_issues`.`journals`.`journal_id`).
in /var/www/jr/protected/views/site/index.php (22)
in /var/www/jr/protected/controllers/SiteController.php (42)
in /var/www/jr/index.php (15)
2014/06/11 13:15:02 [error] [exception.CDbException] exception 'CDbException' with message 'CDbCommand failed to execute the SQL statement: SQLSTATE[42S22]: Column not found: 1054 Unknown column 'issues_issues.issues.journal_id' in 'on clause'. The SQL statement executed was: SELECT `issues`.`issue_id` AS `t1_c0`, `issues`.`journal_id` AS `t1_c1`, `issues`.`name` AS `t1_c2`, `issues`.`volume` AS `t1_c3`, `issues`.`series` AS `t1_c4`, `issues`.`year` AS `t1_c5`, `issues`.`publisher` AS `t1_c6`, `issues`.`status` AS `t1_c7`, `issues`.`image` AS `t1_c8`, `issues`.`access_mode` AS `t1_c9` FROM `issues` `issues`  INNER JOIN `issues` `issues_issues` ON (`issues_issues`.`issues`.`journal_id`=:ypl0) AND (`issues`.`issue_id`=`issues_issues`.`journals`.`journal_id`)' in /var/www/jr/framework/db/CDbCommand.php:541
Stack trace:
#0 /var/www/jr/framework/db/CDbCommand.php(395): CDbCommand->queryInternal('fetchAll', Array, Array)
#1 /var/www/jr/framework/db/ar/CActiveFinder.php(761): CDbCommand->queryAll()
#2 /var/www/jr/framework/db/ar/CActiveFinder.php(489): CJoinElement->runQuery(Object(CJoinQuery))
#3 /var/www/jr/framework/db/ar/CActiveFinder.php(163): CJoinElement->lazyFind(Object(Journals))
#4 /var/www/jr/framework/db/ar/CActiveRecord.php(272): CActiveFinder->lazyFind(Object(Journals))
#5 /var/www/jr/framework/db/ar/CActiveRecord.php(141): CActiveRecord->getRelated('issues')
#6 /var/www/jr/protected/views/site/index.php(22): CActiveRecord->__get('issues')
#7 /var/www/jr/framework/web/CBaseController.php(126): require('/var/www/jr/pro...')
#8 /var/www/jr/framework/web/CBaseController.php(95): CBaseController->renderInternal('/var/www/jr/pro...', Array, true)
#9 /var/www/jr/framework/web/CController.php(869): CBaseController->renderFile('/var/www/jr/pro...', Array, true)
#10 /var/www/jr/framework/web/CController.php(782): CController->renderPartial('index', Array, true)
#11 /var/www/jr/protected/controllers/SiteController.php(42): CController->render('index', Array)
#12 /var/www/jr/framework/web/actions/CInlineAction.php(49): SiteController->actionIndex()
#13 /var/www/jr/framework/web/CController.php(308): CInlineAction->runWithParams(Array)
#14 /var/www/jr/framework/web/CController.php(286): CController->runAction(Object(CInlineAction))
#15 /var/www/jr/framework/web/CController.php(265): CController->runActionWithFilters(Object(CInlineAction), Array)
#16 /var/www/jr/framework/web/CWebApplication.php(282): CController->run('index')
#17 /var/www/jr/framework/web/CWebApplication.php(141): CWebApplication->runController('site/index')
#18 /var/www/jr/framework/base/CApplication.php(169): CWebApplication->processRequest()
#19 /var/www/jr/index.php(15): CApplication->run()
#20 {main}
REQUEST_URI=/jr/index.php?r=site/index
HTTP_REFERER=http://localhost/jr/index.php?r=site/contact
---
2014/06/11 13:15:18 [error] [system.db.CDbCommand] CDbCommand::fetchAll() failed: SQLSTATE[42S22]: Column not found: 1054 Unknown column 'issues_issues.journals.journal_id' in 'on clause'. The SQL statement executed was: SELECT `issues`.`issue_id` AS `t1_c0`, `issues`.`journal_id` AS `t1_c1`, `issues`.`name` AS `t1_c2`, `issues`.`volume` AS `t1_c3`, `issues`.`series` AS `t1_c4`, `issues`.`year` AS `t1_c5`, `issues`.`publisher` AS `t1_c6`, `issues`.`status` AS `t1_c7`, `issues`.`image` AS `t1_c8`, `issues`.`access_mode` AS `t1_c9` FROM `issues` `issues`  INNER JOIN `issues` `issues_issues` ON (`issues_issues`.`journal_id`=:ypl0) AND (`issues`.`issue_id`=`issues_issues`.`journals`.`journal_id`).
in /var/www/jr/protected/views/site/index.php (22)
in /var/www/jr/protected/controllers/SiteController.php (42)
in /var/www/jr/index.php (15)
2014/06/11 13:15:18 [error] [exception.CDbException] exception 'CDbException' with message 'CDbCommand failed to execute the SQL statement: SQLSTATE[42S22]: Column not found: 1054 Unknown column 'issues_issues.journals.journal_id' in 'on clause'. The SQL statement executed was: SELECT `issues`.`issue_id` AS `t1_c0`, `issues`.`journal_id` AS `t1_c1`, `issues`.`name` AS `t1_c2`, `issues`.`volume` AS `t1_c3`, `issues`.`series` AS `t1_c4`, `issues`.`year` AS `t1_c5`, `issues`.`publisher` AS `t1_c6`, `issues`.`status` AS `t1_c7`, `issues`.`image` AS `t1_c8`, `issues`.`access_mode` AS `t1_c9` FROM `issues` `issues`  INNER JOIN `issues` `issues_issues` ON (`issues_issues`.`journal_id`=:ypl0) AND (`issues`.`issue_id`=`issues_issues`.`journals`.`journal_id`)' in /var/www/jr/framework/db/CDbCommand.php:541
Stack trace:
#0 /var/www/jr/framework/db/CDbCommand.php(395): CDbCommand->queryInternal('fetchAll', Array, Array)
#1 /var/www/jr/framework/db/ar/CActiveFinder.php(761): CDbCommand->queryAll()
#2 /var/www/jr/framework/db/ar/CActiveFinder.php(489): CJoinElement->runQuery(Object(CJoinQuery))
#3 /var/www/jr/framework/db/ar/CActiveFinder.php(163): CJoinElement->lazyFind(Object(Journals))
#4 /var/www/jr/framework/db/ar/CActiveRecord.php(272): CActiveFinder->lazyFind(Object(Journals))
#5 /var/www/jr/framework/db/ar/CActiveRecord.php(141): CActiveRecord->getRelated('issues')
#6 /var/www/jr/protected/views/site/index.php(22): CActiveRecord->__get('issues')
#7 /var/www/jr/framework/web/CBaseController.php(126): require('/var/www/jr/pro...')
#8 /var/www/jr/framework/web/CBaseController.php(95): CBaseController->renderInternal('/var/www/jr/pro...', Array, true)
#9 /var/www/jr/framework/web/CController.php(869): CBaseController->renderFile('/var/www/jr/pro...', Array, true)
#10 /var/www/jr/framework/web/CController.php(782): CController->renderPartial('index', Array, true)
#11 /var/www/jr/protected/controllers/SiteController.php(42): CController->render('index', Array)
#12 /var/www/jr/framework/web/actions/CInlineAction.php(49): SiteController->actionIndex()
#13 /var/www/jr/framework/web/CController.php(308): CInlineAction->runWithParams(Array)
#14 /var/www/jr/framework/web/CController.php(286): CController->runAction(Object(CInlineAction))
#15 /var/www/jr/framework/web/CController.php(265): CController->runActionWithFilters(Object(CInlineAction), Array)
#16 /var/www/jr/framework/web/CWebApplication.php(282): CController->run('index')
#17 /var/www/jr/framework/web/CWebApplication.php(141): CWebApplication->runController('site/index')
#18 /var/www/jr/framework/base/CApplication.php(169): CWebApplication->processRequest()
#19 /var/www/jr/index.php(15): CApplication->run()
#20 {main}
REQUEST_URI=/jr/index.php?r=site/index
HTTP_REFERER=http://localhost/jr/index.php?r=site/contact
---
